vi# Logfile created on 2012-01-07 21:58:13 +0100 by logger.rb/31641
REQUESTING PAGE: GET /admin with {} and HTTP headers {}
REQUESTING PAGE: GET /admin with {} and HTTP headers {}
REQUESTING PAGE: GET /admin with {} and HTTP headers {}
REQUESTING PAGE: GET /admin with {} and HTTP headers {}
REQUESTING PAGE: GET /admin with {} and HTTP headers {}
REQUESTING PAGE: GET /admin with {} and HTTP headers {"HTTP_AUTHORIZATION"=>"Basic YWRtaW46dGVjaG5ldA=="}
REQUESTING PAGE: GET /admin/dashboard with {} and HTTP headers {"HTTP_AUTHORIZATION"=>"Basic YWRtaW46dGVjaG5ldA=="}
REQUESTING PAGE: GET /admin/comments with {} and HTTP headers {"HTTP_AUTHORIZATION"=>"Basic YWRtaW46dGVjaG5ldA==", "HTTP_REFERER"=>"/admin/dashboard"}
REQUESTING PAGE: GET /admin/dashboard with {} and HTTP headers {}
REQUESTING PAGE: GET /admin/missions with {} and HTTP headers {}
REQUESTING PAGE: GET /admin/missions with {} and HTTP headers {"HTTP_AUTHORIZATION"=>"Basic YWRtaW46dGVjaG5ldA=="}
REQUESTING PAGE: GET /admin/comments with {} and HTTP headers {"HTTP_AUTHORIZATION"=>"Basic YWRtaW46dGVjaG5ldA==", "HTTP_REFERER"=>"/admin/missions"}
REQUESTING PAGE: GET /admin/missions with {} and HTTP headers {"HTTP_AUTHORIZATION"=>"Basic YWRtaW46dGVjaG5ldA=="}
REQUESTING PAGE: GET /admin/comments with {} and HTTP headers {"HTTP_AUTHORIZATION"=>"Basic YWRtaW46dGVjaG5ldA==", "HTTP_REFERER"=>"/admin/missions"}
REQUESTING PAGE: GET /admin/missions with {} and HTTP headers {"HTTP_AUTHORIZATION"=>"Basic YWRtaW46dGVjaG5ldA=="}
REQUESTING PAGE: GET /admin/comments with {} and HTTP headers {"HTTP_AUTHORIZATION"=>"Basic YWRtaW46dGVjaG5ldA==", "HTTP_REFERER"=>"/admin/missions"}
REQUESTING PAGE: GET /admin/missions with {} and HTTP headers {"HTTP_AUTHORIZATION"=>"Basic YWRtaW46dGVjaG5ldA=="}
REQUESTING PAGE: GET /admin/missions with {} and HTTP headers {"HTTP_AUTHORIZATION"=>"Basic YWRtaW46dGVjaG5ldA=="}
REQUESTING PAGE: GET /admin/missions/show/980190963 with {} and HTTP headers {"HTTP_AUTHORIZATION"=>"Basic YWRtaW46dGVjaG5ldA==", "HTTP_REFERER"=>"/admin/missions"}
REQUESTING PAGE: GET /admin/missions with {} and HTTP headers {"HTTP_AUTHORIZATION"=>"Basic YWRtaW46dGVjaG5ldA=="}
REQUESTING PAGE: GET /admin/missions with {} and HTTP headers {"HTTP_AUTHORIZATION"=>"Basic YWRtaW46dGVjaG5ldA=="}
REQUESTING PAGE: GET /admin/missions/show/980190963 with {} and HTTP headers {"HTTP_AUTHORIZATION"=>"Basic YWRtaW46dGVjaG5ldA==", "HTTP_REFERER"=>"/admin/missions"}
REQUESTING PAGE: GET /admin/missions with {} and HTTP headers {"HTTP_AUTHORIZATION"=>"Basic YWRtaW46dGVjaG5ldA=="}
REQUESTING PAGE: GET /admin/missions/show/980190963 with {} and HTTP headers {"HTTP_AUTHORIZATION"=>"Basic YWRtaW46dGVjaG5ldA==", "HTTP_REFERER"=>"/admin/missions"}
REQUESTING PAGE: GET /admin/missions with {} and HTTP headers {"HTTP_AUTHORIZATION"=>"Basic YWRtaW46dGVjaG5ldA=="}
REQUESTING PAGE: GET /admin/missions/show/980190963 with {} and HTTP headers {"HTTP_AUTHORIZATION"=>"Basic YWRtaW46dGVjaG5ldA==", "HTTP_REFERER"=>"/admin/missions"}
REQUESTING PAGE: GET /admin/missions with {} and HTTP headers {"HTTP_AUTHORIZATION"=>"Basic YWRtaW46dGVjaG5ldA=="}
REQUESTING PAGE: GET /admin/missions with {} and HTTP headers {"HTTP_AUTHORIZATION"=>"Basic YWRtaW46dGVjaG5ldA=="}
REQUESTING PAGE: GET /admin/missions/show/980190963 with {} and HTTP headers {"HTTP_AUTHORIZATION"=>"Basic YWRtaW46dGVjaG5ldA==", "HTTP_REFERER"=>"/admin/missions"}
REQUESTING PAGE: GET /admin/missions with {} and HTTP headers {"HTTP_AUTHORIZATION"=>"Basic YWRtaW46dGVjaG5ldA=="}
REQUESTING PAGE: GET /admin/missions with {} and HTTP headers {"HTTP_AUTHORIZATION"=>"Basic YWRtaW46dGVjaG5ldA=="}
REQUESTING PAGE: GET /admin/missions/show/980190963 with {} and HTTP headers {"HTTP_AUTHORIZATION"=>"Basic YWRtaW46dGVjaG5ldA==", "HTTP_REFERER"=>"/admin/missions"}
REQUESTING PAGE: GET /admin/missions with {} and HTTP headers {"HTTP_AUTHORIZATION"=>"Basic YWRtaW46dGVjaG5ldA=="}
REQUESTING PAGE: GET /admin/missions with {} and HTTP headers {"HTTP_AUTHORIZATION"=>"Basic YWRtaW46dGVjaG5ldA=="}
REQUESTING PAGE: GET /admin/missions with {} and HTTP headers {"HTTP_AUTHORIZATION"=>"Basic YWRtaW46dGVjaG5ldA=="}
REQUESTING PAGE: GET /admin/missions with {} and HTTP headers {"HTTP_AUTHORIZATION"=>"Basic YWRtaW46dGVjaG5ldA=="}
REQUESTING PAGE: GET /admin/missions/show/980190963 with {} and HTTP headers {"HTTP_AUTHORIZATION"=>"Basic YWRtaW46dGVjaG5ldA==", "HTTP_REFERER"=>"/admin/missions"}
REQUESTING PAGE: GET /admin/missions with {} and HTTP headers {"HTTP_AUTHORIZATION"=>"Basic YWRtaW46dGVjaG5ldA=="}
REQUESTING PAGE: GET /admin/missions with {} and HTTP headers {"HTTP_AUTHORIZATION"=>"Basic YWRtaW46dGVjaG5ldA=="}
REQUESTING PAGE: GET /admin/missions/show/980190963 with {} and HTTP headers {"HTTP_AUTHORIZATION"=>"Basic YWRtaW46dGVjaG5ldA==", "HTTP_REFERER"=>"/admin/missions"}
REQUESTING PAGE: GET /admin/missions with {} and HTTP headers {"HTTP_AUTHORIZATION"=>"Basic YWRtaW46dGVjaG5ldA=="}
REQUESTING PAGE: GET /admin/missions/show/980190963 with {} and HTTP headers {"HTTP_AUTHORIZATION"=>"Basic YWRtaW46dGVjaG5ldA==", "HTTP_REFERER"=>"/admin/missions"}
REQUESTING PAGE: GET /admin/missions with {} and HTTP headers {"HTTP_AUTHORIZATION"=>"Basic YWRtaW46dGVjaG5ldA=="}
REQUESTING PAGE: GET /admin/missions/show/980190963 with {} and HTTP headers {"HTTP_AUTHORIZATION"=>"Basic YWRtaW46dGVjaG5ldA==", "HTTP_REFERER"=>"/admin/missions"}
REQUESTING PAGE: GET /admin/missions with {} and HTTP headers {"HTTP_AUTHORIZATION"=>"Basic YWRtaW46dGVjaG5ldA=="}
REQUESTING PAGE: GET /admin/missions/show/980190963 with {} and HTTP headers {"HTTP_AUTHORIZATION"=>"Basic YWRtaW46dGVjaG5ldA==", "HTTP_REFERER"=>"/admin/missions"}
REQUESTING PAGE: GET /admin/missions with {} and HTTP headers {"HTTP_AUTHORIZATION"=>"Basic YWRtaW46dGVjaG5ldA=="}
REQUESTING PAGE: GET /admin/missions/show/980190963 with {} and HTTP headers {"HTTP_AUTHORIZATION"=>"Basic YWRtaW46dGVjaG5ldA==", "HTTP_REFERER"=>"/admin/missions"}
REQUESTING PAGE: GET /admin/missions with {} and HTTP headers {"HTTP_AUTHORIZATION"=>"Basic YWRtaW46dGVjaG5ldA=="}
REQUESTING PAGE: GET /admin/missions/show/980190963 with {} and HTTP headers {"HTTP_AUTHORIZATION"=>"Basic YWRtaW46dGVjaG5ldA==", "HTTP_REFERER"=>"/admin/missions"}
REQUESTING PAGE: GET /admin/missions with {} and HTTP headers {"HTTP_AUTHORIZATION"=>"Basic YWRtaW46dGVjaG5ldA=="}
REQUESTING PAGE: GET /admin/missions/show/980190963 with {} and HTTP headers {"HTTP_AUTHORIZATION"=>"Basic YWRtaW46dGVjaG5ldA==", "HTTP_REFERER"=>"/admin/missions"}
REQUESTING PAGE: GET /admin/missions with {} and HTTP headers {"HTTP_AUTHORIZATION"=>"Basic YWRtaW46dGVjaG5ldA=="}
REQUESTING PAGE: GET /admin/missions/show/980190963 with {} and HTTP headers {"HTTP_AUTHORIZATION"=>"Basic YWRtaW46dGVjaG5ldA==", "HTTP_REFERER"=>"/admin/missions"}
REQUESTING PAGE: GET /admin/missions with {} and HTTP headers {"HTTP_AUTHORIZATION"=>"Basic YWRtaW46dGVjaG5ldA=="}
REQUESTING PAGE: GET /admin/missions/show/980190963 with {} and HTTP headers {"HTTP_AUTHORIZATION"=>"Basic YWRtaW46dGVjaG5ldA==", "HTTP_REFERER"=>"/admin/missions"}
REQUESTING PAGE: GET /admin/missions with {} and HTTP headers {"HTTP_AUTHORIZATION"=>"Basic YWRtaW46dGVjaG5ldA=="}
REQUESTING PAGE: GET /admin/missions/show/980190963 with {} and HTTP headers {"HTTP_AUTHORIZATION"=>"Basic YWRtaW46dGVjaG5ldA==", "HTTP_REFERER"=>"/admin/missions"}
REQUESTING PAGE: GET /admin/missions with {} and HTTP headers {"HTTP_AUTHORIZATION"=>"Basic YWRtaW46dGVjaG5ldA=="}
REQUESTING PAGE: GET /admin/missions/show/980190963 with {} and HTTP headers {"HTTP_AUTHORIZATION"=>"Basic YWRtaW46dGVjaG5ldA==", "HTTP_REFERER"=>"/admin/missions"}
REQUESTING PAGE: GET /admin/missions with {} and HTTP headers {"HTTP_AUTHORIZATION"=>"Basic YWRtaW46dGVjaG5ldA=="}
REQUESTING PAGE: GET /admin/missions/show/980190963 with {} and HTTP headers {"HTTP_AUTHORIZATION"=>"Basic YWRtaW46dGVjaG5ldA==", "HTTP_REFERER"=>"/admin/missions"}
REQUESTING PAGE: GET /admin/missions with {} and HTTP headers {"HTTP_AUTHORIZATION"=>"Basic YWRtaW46dGVjaG5ldA=="}
REQUESTING PAGE: GET /admin/missions/show/980190963 with {} and HTTP headers {"HTTP_AUTHORIZATION"=>"Basic YWRtaW46dGVjaG5ldA==", "HTTP_REFERER"=>"/admin/missions"}
REQUESTING PAGE: GET /admin/missions with {} and HTTP headers {"HTTP_AUTHORIZATION"=>"Basic YWRtaW46dGVjaG5ldA=="}
REQUESTING PAGE: GET /admin/missions/show/980190963 with {} and HTTP headers {"HTTP_AUTHORIZATION"=>"Basic YWRtaW46dGVjaG5ldA==", "HTTP_REFERER"=>"/admin/missions"}
REQUESTING PAGE: GET /admin/missions with {} and HTTP headers {"HTTP_AUTHORIZATION"=>"Basic YWRtaW46dGVjaG5ldA=="}
REQUESTING PAGE: GET /admin/missions/show/980190963 with {} and HTTP headers {"HTTP_AUTHORIZATION"=>"Basic YWRtaW46dGVjaG5ldA==", "HTTP_REFERER"=>"/admin/missions"}
REQUESTING PAGE: GET /admin/missions with {} and HTTP headers {"HTTP_AUTHORIZATION"=>"Basic YWRtaW46dGVjaG5ldA=="}
REQUESTING PAGE: GET /admin/missions/show/980190963 with {} and HTTP headers {"HTTP_AUTHORIZATION"=>"Basic YWRtaW46dGVjaG5ldA==", "HTTP_REFERER"=>"/admin/missions"}
REQUESTING PAGE: GET /admin/missions with {} and HTTP headers {"HTTP_AUTHORIZATION"=>"Basic YWRtaW46dGVjaG5ldA=="}
REQUESTING PAGE: GET /admin/missions/show/980190963 with {} and HTTP headers {"HTTP_AUTHORIZATION"=>"Basic YWRtaW46dGVjaG5ldA==", "HTTP_REFERER"=>"/admin/missions"}
REQUESTING PAGE: GET /admin/missions with {} and HTTP headers {"HTTP_AUTHORIZATION"=>"Basic YWRtaW46dGVjaG5ldA=="}
REQUESTING PAGE: GET /admin/missions/show/980190963 with {} and HTTP headers {"HTTP_AUTHORIZATION"=>"Basic YWRtaW46dGVjaG5ldA==", "HTTP_REFERER"=>"/admin/missions"}
REQUESTING PAGE: GET /admin/missions with {} and HTTP headers {"HTTP_AUTHORIZATION"=>"Basic YWRtaW46dGVjaG5ldA=="}
REQUESTING PAGE: GET /admin/missions/show/980190963 with {} and HTTP headers {"HTTP_AUTHORIZATION"=>"Basic YWRtaW46dGVjaG5ldA==", "HTTP_REFERER"=>"/admin/missions"}
REQUESTING PAGE: GET /admin/missions with {} and HTTP headers {"HTTP_AUTHORIZATION"=>"Basic YWRtaW46dGVjaG5ldA=="}
REQUESTING PAGE: GET /admin/missions/show/980190963 with {} and HTTP headers {"HTTP_AUTHORIZATION"=>"Basic YWRtaW46dGVjaG5ldA==", "HTTP_REFERER"=>"/admin/missions"}
REQUESTING PAGE: GET /admin/missions with {} and HTTP headers {"HTTP_AUTHORIZATION"=>"Basic YWRtaW46dGVjaG5ldA=="}
REQUESTING PAGE: GET /admin/missions/show/980190963 with {} and HTTP headers {"HTTP_AUTHORIZATION"=>"Basic YWRtaW46dGVjaG5ldA==", "HTTP_REFERER"=>"/admin/missions"}
REQUESTING PAGE: GET /admin/missions with {} and HTTP headers {"HTTP_AUTHORIZATION"=>"Basic YWRtaW46dGVjaG5ldA=="}
REQUESTING PAGE: GET /admin/missions/show/980190963 with {} and HTTP headers {"HTTP_AUTHORIZATION"=>"Basic YWRtaW46dGVjaG5ldA==", "HTTP_REFERER"=>"/admin/missions"}
REQUESTING PAGE: GET /admin/missions with {} and HTTP headers {"HTTP_AUTHORIZATION"=>"Basic YWRtaW46dGVjaG5ldA=="}
REQUESTING PAGE: GET /admin/missions/show/980190963 with {} and HTTP headers {"HTTP_AUTHORIZATION"=>"Basic YWRtaW46dGVjaG5ldA==", "HTTP_REFERER"=>"/admin/missions"}
REQUESTING PAGE: GET /admin/missions with {} and HTTP headers {"HTTP_AUTHORIZATION"=>"Basic YWRtaW46dGVjaG5ldA=="}
REQUESTING PAGE: GET /admin/missions/show/980190963 with {} and HTTP headers {"HTTP_AUTHORIZATION"=>"Basic YWRtaW46dGVjaG5ldA==", "HTTP_REFERER"=>"/admin/missions"}
REQUESTING PAGE: GET /admin/missions with {} and HTTP headers {"HTTP_AUTHORIZATION"=>"Basic YWRtaW46dGVjaG5ldA=="}
REQUESTING PAGE: GET /admin/missions/show/980190963 with {} and HTTP headers {"HTTP_AUTHORIZATION"=>"Basic YWRtaW46dGVjaG5ldA==", "HTTP_REFERER"=>"/admin/missions"}
REQUESTING PAGE: GET /admin/missions with {} and HTTP headers {"HTTP_AUTHORIZATION"=>"Basic YWRtaW46dGVjaG5ldA=="}
REQUESTING PAGE: GET /admin/missions/show/980190963 with {} and HTTP headers {"HTTP_AUTHORIZATION"=>"Basic YWRtaW46dGVjaG5ldA==", "HTTP_REFERER"=>"/admin/missions"}
REQUESTING PAGE: GET /admin/missions with {} and HTTP headers {"HTTP_AUTHORIZATION"=>"Basic YWRtaW46dGVjaG5ldA=="}
REQUESTING PAGE: GET /admin/missions/show/980190963 with {} and HTTP headers {"HTTP_AUTHORIZATION"=>"Basic YWRtaW46dGVjaG5ldA==", "HTTP_REFERER"=>"/admin/missions"}
REQUESTING PAGE: GET /admin/missions with {} and HTTP headers {"HTTP_AUTHORIZATION"=>"Basic YWRtaW46dGVjaG5ldA=="}
REQUESTING PAGE: GET /admin/missions/show/980190963 with {} and HTTP headers {"HTTP_AUTHORIZATION"=>"Basic YWRtaW46dGVjaG5ldA==", "HTTP_REFERER"=>"/admin/missions"}
REQUESTING PAGE: GET /admin/missions with {} and HTTP headers {"HTTP_AUTHORIZATION"=>"Basic YWRtaW46dGVjaG5ldA=="}
REQUESTING PAGE: GET /admin/missions/show/980190963 with {} and HTTP headers {"HTTP_AUTHORIZATION"=>"Basic YWRtaW46dGVjaG5ldA==", "HTTP_REFERER"=>"/admin/missions"}
REQUESTING PAGE: GET /admin/missions with {} and HTTP headers {"HTTP_AUTHORIZATION"=>"Basic YWRtaW46dGVjaG5ldA=="}
REQUESTING PAGE: GET /admin/missions/show/980190963 with {} and HTTP headers {"HTTP_AUTHORIZATION"=>"Basic YWRtaW46dGVjaG5ldA==", "HTTP_REFERER"=>"/admin/missions"}
REQUESTING PAGE: GET /admin/missions with {} and HTTP headers {"HTTP_AUTHORIZATION"=>"Basic YWRtaW46dGVjaG5ldA=="}
REQUESTING PAGE: GET /admin/missions/show/980190963 with {} and HTTP headers {"HTTP_AUTHORIZATION"=>"Basic YWRtaW46dGVjaG5ldA==", "HTTP_REFERER"=>"/admin/missions"}
REQUESTING PAGE: GET /admin/missions with {} and HTTP headers {"HTTP_AUTHORIZATION"=>"Basic YWRtaW46dGVjaG5ldA=="}
REQUESTING PAGE: GET /admin/missions/show/980190963 with {} and HTTP headers {"HTTP_AUTHORIZATION"=>"Basic YWRtaW46dGVjaG5ldA==", "HTTP_REFERER"=>"/admin/missions"}
REQUESTING PAGE: GET /admin/missions with {} and HTTP headers {"HTTP_AUTHORIZATION"=>"Basic YWRtaW46dGVjaG5ldA=="}
REQUESTING PAGE: GET /admin/missions/show/980190963 with {} and HTTP headers {"HTTP_AUTHORIZATION"=>"Basic YWRtaW46dGVjaG5ldA==", "HTTP_REFERER"=>"/admin/missions"}
REQUESTING PAGE: GET /admin/missions with {} and HTTP headers {"HTTP_AUTHORIZATION"=>"Basic YWRtaW46dGVjaG5ldA=="}
REQUESTING PAGE: GET /admin/missions/show/980190963 with {} and HTTP headers {"HTTP_AUTHORIZATION"=>"Basic YWRtaW46dGVjaG5ldA==", "HTTP_REFERER"=>"/admin/missions"}
REQUESTING PAGE: GET /admin/missions with {} and HTTP headers {"HTTP_AUTHORIZATION"=>"Basic YWRtaW46dGVjaG5ldA=="}
REQUESTING PAGE: GET /admin/missions/show/980190963 with {} and HTTP headers {"HTTP_AUTHORIZATION"=>"Basic YWRtaW46dGVjaG5ldA==", "HTTP_REFERER"=>"/admin/missions"}
REQUESTING PAGE: GET /admin/missions with {} and HTTP headers {"HTTP_AUTHORIZATION"=>"Basic YWRtaW46dGVjaG5ldA=="}
REQUESTING PAGE: GET /admin/missions/show/980190963 with {} and HTTP headers {"HTTP_AUTHORIZATION"=>"Basic YWRtaW46dGVjaG5ldA==", "HTTP_REFERER"=>"/admin/missions"}
REQUESTING PAGE: GET /admin/missions with {} and HTTP headers {"HTTP_AUTHORIZATION"=>"Basic YWRtaW46dGVjaG5ldA=="}
REQUESTING PAGE: GET /admin/missions/show/980190963 with {} and HTTP headers {"HTTP_AUTHORIZATION"=>"Basic YWRtaW46dGVjaG5ldA==", "HTTP_REFERER"=>"/admin/missions"}
REQUESTING PAGE: GET /admin/missions with {} and HTTP headers {"HTTP_AUTHORIZATION"=>"Basic YWRtaW46dGVjaG5ldA=="}
REQUESTING PAGE: GET /admin/missions/show/980190963 with {} and HTTP headers {"HTTP_AUTHORIZATION"=>"Basic YWRtaW46dGVjaG5ldA==", "HTTP_REFERER"=>"/admin/missions"}
REQUESTING PAGE: GET /admin/missions with {} and HTTP headers {"HTTP_AUTHORIZATION"=>"Basic YWRtaW46dGVjaG5ldA=="}
REQUESTING PAGE: GET /admin/missions/show/980190963 with {} and HTTP headers {"HTTP_AUTHORIZATION"=>"Basic YWRtaW46dGVjaG5ldA==", "HTTP_REFERER"=>"/admin/missions"}
REQUESTING PAGE: GET /admin/missions with {} and HTTP headers {"HTTP_AUTHORIZATION"=>"Basic YWRtaW46dGVjaG5ldA=="}
REQUESTING PAGE: GET /admin/missions/show/980190963 with {} and HTTP headers {"HTTP_AUTHORIZATION"=>"Basic YWRtaW46dGVjaG5ldA==", "HTTP_REFERER"=>"/admin/missions"}
REQUESTING PAGE: GET /admin/missions with {} and HTTP headers {"HTTP_AUTHORIZATION"=>"Basic YWRtaW46dGVjaG5ldA=="}
REQUESTING PAGE: GET /admin/missions/show/980190963 with {} and HTTP headers {"HTTP_AUTHORIZATION"=>"Basic YWRtaW46dGVjaG5ldA==", "HTTP_REFERER"=>"/admin/missions"}
REQUESTING PAGE: GET /admin/missions with {} and HTTP headers {"HTTP_AUTHORIZATION"=>"Basic YWRtaW46dGVjaG5ldA=="}
REQUESTING PAGE: GET /admin/missions/show/980190963 with {} and HTTP headers {"HTTP_AUTHORIZATION"=>"Basic YWRtaW46dGVjaG5ldA==", "HTTP_REFERER"=>"/admin/missions"}
REQUESTING PAGE: GET /admin/missions with {} and HTTP headers {"HTTP_AUTHORIZATION"=>"Basic YWRtaW46dGVjaG5ldA=="}
REQUESTING PAGE: GET /admin/missions/show/980190963 with {} and HTTP headers {"HTTP_AUTHORIZATION"=>"Basic YWRtaW46dGVjaG5ldA==", "HTTP_REFERER"=>"/admin/missions"}
REQUESTING PAGE: GET /admin/missions with {} and HTTP headers {"HTTP_AUTHORIZATION"=>"Basic YWRtaW46dGVjaG5ldA=="}
REQUESTING PAGE: GET /admin/missions/show/980190963 with {} and HTTP headers {"HTTP_AUTHORIZATION"=>"Basic YWRtaW46dGVjaG5ldA==", "HTTP_REFERER"=>"/admin/missions"}
REQUESTING PAGE: GET /admin/missions with {} and HTTP headers {"HTTP_AUTHORIZATION"=>"Basic YWRtaW46dGVjaG5ldA=="}
REQUESTING PAGE: GET /admin/missions/show/980190963 with {} and HTTP headers {"HTTP_AUTHORIZATION"=>"Basic YWRtaW46dGVjaG5ldA==", "HTTP_REFERER"=>"/admin/missions"}
REQUESTING PAGE: GET /admin/missions with {} and HTTP headers {"HTTP_AUTHORIZATION"=>"Basic YWRtaW46dGVjaG5ldA=="}
REQUESTING PAGE: GET /admin/missions/show/980190963 with {} and HTTP headers {"HTTP_AUTHORIZATION"=>"Basic YWRtaW46dGVjaG5ldA==", "HTTP_REFERER"=>"/admin/missions"}
REQUESTING PAGE: GET /admin/missions with {} and HTTP headers {"HTTP_AUTHORIZATION"=>"Basic YWRtaW46dGVjaG5ldA=="}
REQUESTING PAGE: GET /admin/missions/show/980190963 with {} and HTTP headers {"HTTP_AUTHORIZATION"=>"Basic YWRtaW46dGVjaG5ldA==", "HTTP_REFERER"=>"/admin/missions"}
REQUESTING PAGE: GET /admin/missions with {} and HTTP headers {"HTTP_AUTHORIZATION"=>"Basic YWRtaW46dGVjaG5ldA=="}
REQUESTING PAGE: GET /admin/missions/show/980190963 with {} and HTTP headers {"HTTP_AUTHORIZATION"=>"Basic YWRtaW46dGVjaG5ldA==", "HTTP_REFERER"=>"/admin/missions"}
REQUESTING PAGE: GET /admin/missions with {} and HTTP headers {"HTTP_AUTHORIZATION"=>"Basic YWRtaW46dGVjaG5ldA=="}
REQUESTING PAGE: GET /admin/missions/show/980190963 with {} and HTTP headers {"HTTP_AUTHORIZATION"=>"Basic YWRtaW46dGVjaG5ldA==", "HTTP_REFERER"=>"/admin/missions"}
REQUESTING PAGE: GET /admin/missions with {} and HTTP headers {"HTTP_AUTHORIZATION"=>"Basic YWRtaW46dGVjaG5ldA=="}
REQUESTING PAGE: GET /admin/missions/show/980190963 with {} and HTTP headers {"HTTP_AUTHORIZATION"=>"Basic YWRtaW46dGVjaG5ldA==", "HTTP_REFERER"=>"/admin/missions"}
REQUESTING PAGE: GET /admin/missions with {} and HTTP headers {"HTTP_AUTHORIZATION"=>"Basic YWRtaW46dGVjaG5ldA=="}
REQUESTING PAGE: GET /admin/missions/show/980190963 with {} and HTTP headers {"HTTP_AUTHORIZATION"=>"Basic YWRtaW46dGVjaG5ldA==", "HTTP_REFERER"=>"/admin/missions"}
REQUESTING PAGE: GET /admin/missions with {} and HTTP headers {"HTTP_AUTHORIZATION"=>"Basic YWRtaW46dGVjaG5ldA=="}
REQUESTING PAGE: GET /admin/missions/show/980190963 with {} and HTTP headers {"HTTP_AUTHORIZATION"=>"Basic YWRtaW46dGVjaG5ldA==", "HTTP_REFERER"=>"/admin/missions"}
REQUESTING PAGE: GET /admin/missions with {} and HTTP headers {"HTTP_AUTHORIZATION"=>"Basic YWRtaW46dGVjaG5ldA=="}
REQUESTING PAGE: GET /admin/missions/show/980190963 with {} and HTTP headers {"HTTP_AUTHORIZATION"=>"Basic YWRtaW46dGVjaG5ldA==", "HTTP_REFERER"=>"/admin/missions"}
REQUESTING PAGE: GET /admin/missions with {} and HTTP headers {"HTTP_AUTHORIZATION"=>"Basic YWRtaW46dGVjaG5ldA=="}
REQUESTING PAGE: GET /admin/missions/show/980190963 with {} and HTTP headers {"HTTP_AUTHORIZATION"=>"Basic YWRtaW46dGVjaG5ldA==", "HTTP_REFERER"=>"/admin/missions"}
REQUESTING PAGE: GET /admin/missions with {} and HTTP headers {"HTTP_AUTHORIZATION"=>"Basic YWRtaW46dGVjaG5ldA=="}
REQUESTING PAGE: GET /admin/missions/show/980190963 with {} and HTTP headers {"HTTP_AUTHORIZATION"=>"Basic YWRtaW46dGVjaG5ldA==", "HTTP_REFERER"=>"/admin/missions"}
REQUESTING PAGE: GET /admin/missions with {} and HTTP headers {"HTTP_AUTHORIZATION"=>"Basic YWRtaW46dGVjaG5ldA=="}
REQUESTING PAGE: GET /admin/missions/show/980190963 with {} and HTTP headers {"HTTP_AUTHORIZATION"=>"Basic YWRtaW46dGVjaG5ldA==", "HTTP_REFERER"=>"/admin/missions"}
REQUESTING PAGE: GET /admin/entr_mission_users/confirm_user/980190963?mission_id=980190963 with {} and HTTP headers {"HTTP_AUTHORIZATION"=>"Basic YWRtaW46dGVjaG5ldA==", "HTTP_REFERER"=>"/admin/missions/show/980190963"}
REQUESTING PAGE: GET /admin/missions/show/980190963 with {} and HTTP headers {"HTTP_AUTHORIZATION"=>"Basic YWRtaW46dGVjaG5ldA==", "HTTP_REFERER"=>"/admin/entr_mission_users/confirm_user/980190963?mission_id=980190963"}
REQUESTING PAGE: GET /admin/missions with {} and HTTP headers {"HTTP_AUTHORIZATION"=>"Basic YWRtaW46dGVjaG5ldA=="}
REQUESTING PAGE: GET /admin/missions/show/980190963 with {} and HTTP headers {"HTTP_AUTHORIZATION"=>"Basic YWRtaW46dGVjaG5ldA==", "HTTP_REFERER"=>"/admin/missions"}
REQUESTING PAGE: GET /admin/missions with {} and HTTP headers {"HTTP_AUTHORIZATION"=>"Basic YWRtaW46dGVjaG5ldA=="}
REQUESTING PAGE: GET /admin/missions/show/980190963 with {} and HTTP headers {"HTTP_AUTHORIZATION"=>"Basic YWRtaW46dGVjaG5ldA==", "HTTP_REFERER"=>"/admin/missions"}
REQUESTING PAGE: GET /admin/missions with {} and HTTP headers {"HTTP_AUTHORIZATION"=>"Basic YWRtaW46dGVjaG5ldA=="}
REQUESTING PAGE: GET /admin/missions/show/980190963 with {} and HTTP headers {"HTTP_AUTHORIZATION"=>"Basic YWRtaW46dGVjaG5ldA==", "HTTP_REFERER"=>"/admin/missions"}
REQUESTING PAGE: GET /admin/entr_mission_users/confirm_user/980190963?mission_id=980190963 with {} and HTTP headers {"HTTP_AUTHORIZATION"=>"Basic YWRtaW46dGVjaG5ldA==", "HTTP_REFERER"=>"/admin/missions/show/980190963"}
REQUESTING PAGE: GET /admin/missions/show/980190963 with {} and HTTP headers {"HTTP_AUTHORIZATION"=>"Basic YWRtaW46dGVjaG5ldA==", "HTTP_REFERER"=>"/admin/entr_mission_users/confirm_user/980190963?mission_id=980190963"}
REQUESTING PAGE: GET /admin/missions with {} and HTTP headers {"HTTP_AUTHORIZATION"=>"Basic YWRtaW46dGVjaG5ldA=="}
REQUESTING PAGE: GET /admin/missions/show/980190963 with {} and HTTP headers {"HTTP_AUTHORIZATION"=>"Basic YWRtaW46dGVjaG5ldA==", "HTTP_REFERER"=>"/admin/missions"}
REQUESTING PAGE: GET /admin/missions with {} and HTTP headers {"HTTP_AUTHORIZATION"=>"Basic YWRtaW46dGVjaG5ldA=="}
REQUESTING PAGE: GET /admin/missions/show/980190963 with {} and HTTP headers {"HTTP_AUTHORIZATION"=>"Basic YWRtaW46dGVjaG5ldA==", "HTTP_REFERER"=>"/admin/missions"}
REQUESTING PAGE: GET /admin/missions with {} and HTTP headers {"HTTP_AUTHORIZATION"=>"Basic YWRtaW46dGVjaG5ldA=="}
REQUESTING PAGE: GET /admin/missions/show/980190963 with {} and HTTP headers {"HTTP_AUTHORIZATION"=>"Basic YWRtaW46dGVjaG5ldA==", "HTTP_REFERER"=>"/admin/missions"}
REQUESTING PAGE: GET /admin/entr_mission_users/confirm_user/980190963?mission_id=980190963 with {} and HTTP headers {"HTTP_AUTHORIZATION"=>"Basic YWRtaW46dGVjaG5ldA==", "HTTP_REFERER"=>"/admin/missions/show/980190963"}
REQUESTING PAGE: GET /admin/missions/show/980190963 with {} and HTTP headers {"HTTP_AUTHORIZATION"=>"Basic YWRtaW46dGVjaG5ldA==", "HTTP_REFERER"=>"/admin/entr_mission_users/confirm_user/980190963?mission_id=980190963"}
